{"/home/ab/Projects/cruise-ships/src/cruise-ship.js": {"path":"/home/ab/Projects/cruise-ships/src/cruise-ship.js","statementMap":{"0":{"start":{"line":3,"column":8},"end":{"line":3,"column":28}},"1":{"start":{"line":4,"column":8},"end":{"line":4,"column":35}},"2":{"start":{"line":5,"column":8},"end":{"line":5,"column":46}},"3":{"start":{"line":6,"column":8},"end":{"line":6,"column":33}},"4":{"start":{"line":7,"column":8},"end":{"line":7,"column":39}},"5":{"start":{"line":11,"column":22},"end":{"line":11,"column":36}},"6":{"start":{"line":12,"column":29},"end":{"line":12,"column":70}},"7":{"start":{"line":14,"column":4},"end":{"line":16,"column":5}},"8":{"start":{"line":15,"column":8},"end":{"line":15,"column":52}},"9":{"start":{"line":17,"column":4},"end":{"line":17,"column":41}},"10":{"start":{"line":18,"column":4},"end":{"line":18,"column":28}},"11":{"start":{"line":21,"column":22},"end":{"line":21,"column":36}},"12":{"start":{"line":22,"column":30},"end":{"line":22,"column":72}},"13":{"start":{"line":24,"column":4},"end":{"line":24,"column":62}},"14":{"start":{"line":25,"column":4},"end":{"line":25,"column":35}},"15":{"start":{"line":29,"column":0},"end":{"line":29,"column":22}}},"fnMap":{"0":{"name":"(anonymous_0)","decl":{"start":{"line":2,"column":4},"end":{"line":2,"column":5}},"loc":{"start":{"line":2,"column":27},"end":{"line":8,"column":1}},"line":2},"1":{"name":"(anonymous_1)","decl":{"start":{"line":10,"column":0},"end":{"line":10,"column":1}},"loc":{"start":{"line":10,"column":10},"end":{"line":19,"column":1}},"line":10},"2":{"name":"(anonymous_2)","decl":{"start":{"line":20,"column":0},"end":{"line":20,"column":1}},"loc":{"start":{"line":20,"column":11},"end":{"line":26,"column":1}},"line":20}},"branchMap":{"0":{"loc":{"start":{"line":14,"column":4},"end":{"line":16,"column":5}},"type":"if","locations":[{"start":{"line":14,"column":4},"end":{"line":16,"column":5}},{"start":{"line":14,"column":4},"end":{"line":16,"column":5}}],"line":14}},"s":{"0":8,"1":8,"2":8,"3":8,"4":8,"5":5,"6":5,"7":5,"8":1,"9":4,"10":4,"11":2,"12":2,"13":2,"14":2,"15":2},"f":{"0":8,"1":5,"2":2},"b":{"0":[1,4]},"_coverageSchema":"1a1c01bbd47fc00a2c39e90264f33305004495a9","hash":"302eff2c8e1a69484d003fc6aaf6d36599a47221"}
,"/home/ab/Projects/cruise-ships/src/itinerary.js": {"path":"/home/ab/Projects/cruise-ships/src/itinerary.js","statementMap":{"0":{"start":{"line":3,"column":8},"end":{"line":3,"column":27}},"1":{"start":{"line":7,"column":0},"end":{"line":7,"column":27}}},"fnMap":{"0":{"name":"(anonymous_0)","decl":{"start":{"line":2,"column":4},"end":{"line":2,"column":5}},"loc":{"start":{"line":2,"column":23},"end":{"line":4,"column":5}},"line":2}},"branchMap":{},"s":{"0":11,"1":2},"f":{"0":11},"b":{},"_coverageSchema":"1a1c01bbd47fc00a2c39e90264f33305004495a9","hash":"5e2c31a9334e799dce8ec71866c075637acb04f4"}
,"/home/ab/Projects/cruise-ships/src/port.js": {"path":"/home/ab/Projects/cruise-ships/src/port.js","statementMap":{"0":{"start":{"line":3,"column":7},"end":{"line":3,"column":24}},"1":{"start":{"line":4,"column":7},"end":{"line":4,"column":29}},"2":{"start":{"line":8,"column":4},"end":{"line":8,"column":32}},"3":{"start":{"line":12,"column":28},"end":{"line":12,"column":58}},"4":{"start":{"line":13,"column":4},"end":{"line":13,"column":48}},"5":{"start":{"line":16,"column":0},"end":{"line":16,"column":22}}},"fnMap":{"0":{"name":"(anonymous_0)","decl":{"start":{"line":2,"column":4},"end":{"line":2,"column":5}},"loc":{"start":{"line":2,"column":22},"end":{"line":5,"column":5}},"line":2},"1":{"name":"(anonymous_1)","decl":{"start":{"line":7,"column":0},"end":{"line":7,"column":1}},"loc":{"start":{"line":7,"column":14},"end":{"line":9,"column":5}},"line":7},"2":{"name":"(anonymous_2)","decl":{"start":{"line":11,"column":0},"end":{"line":11,"column":1}},"loc":{"start":{"line":11,"column":17},"end":{"line":14,"column":5}},"line":11}},"branchMap":{},"s":{"0":18,"1":18,"2":13,"3":1,"4":1,"5":3},"f":{"0":18,"1":13,"2":1},"b":{},"_coverageSchema":"1a1c01bbd47fc00a2c39e90264f33305004495a9","hash":"3785e36909aa3085472b32bb1e4703cf11640390"}
}
