TN:
SF:src/cruise-ship.js
FN:2,(anonymous_0)
FN:10,(anonymous_1)
FN:20,(anonymous_2)
FNF:3
FNH:3
FNDA:8,(anonymous_0)
FNDA:5,(anonymous_1)
FNDA:2,(anonymous_2)
DA:3,8
DA:4,8
DA:5,8
DA:6,8
DA:7,8
DA:11,5
DA:12,5
DA:14,5
DA:15,1
DA:17,4
DA:18,4
DA:21,2
DA:22,2
DA:24,2
DA:25,2
DA:29,2
LF:16
LH:16
BRDA:14,0,0,1
BRDA:14,0,1,4
BRF:2
BRH:2
end_of_record
TN:
SF:src/itinerary.js
FN:2,(anonymous_0)
FNF:1
FNH:1
FNDA:11,(anonymous_0)
DA:3,11
DA:7,2
LF:2
LH:2
BRF:0
BRH:0
end_of_record
TN:
SF:src/port.js
FN:2,(anonymous_0)
FN:7,(anonymous_1)
FN:11,(anonymous_2)
FNF:3
FNH:3
FNDA:18,(anonymous_0)
FNDA:13,(anonymous_1)
FNDA:1,(anonymous_2)
DA:3,18
DA:4,18
DA:8,13
DA:12,1
DA:13,1
DA:16,3
LF:6
LH:6
BRF:0
BRH:0
end_of_record
